[thai-daily.github.io/camp06-14-12/index.html]
[backblue.gif]
[fade.gif]
[index.html]
[thai-daily.github.io/camp06-14-12/assets/bootstrap.css]
[thai-daily.github.io/camp06-14-12/assets/style1.css]
[thai-daily.github.io/camp06-14-12/assets/spin.css]
[thai-daily.github.io/camp06-14-12/favicon.ico]
[thai-daily.github.io/camp06-14-12/assets/bg/3.jpg]
[thai-daily.github.io/camp06-14-12/assets/jquery-3.4.1.min.js]
[thai-daily.github.io/camp06-14-12/assets/dr-dtime.js]
[thai-daily.github.io/camp06-14-12/assets/jquery.countdown.min.js]
[thai-daily.github.io/camp06-14-12/assets/meta.js]
[buy-duramax.github.io/assets/thumbnail.jpg]
[buy-duramax.github.io/assets/img1.jpg]
[thai-daily.github.io/camp06-14-12/index.html]
[thai-daily.github.io/camp06-14-12/assets/bootstrap.css]
[thai-daily.github.io/camp06-14-12/assets/style1.css]
[thai-daily.github.io/camp06-14-12/assets/spin.css]
[www.googletagmanager.com/gtm5445.html]
